<?xml version="1.0" encoding="UTF-8"?>
<!-- Generated by org.testng.reporters.JUnitReportReporter -->
<testsuite skipped="0" hostname="DESKTOP-3H1DR3H" name="com.actitime.testscript.Demo" tests="1" failures="0" timestamp="2023-04-14T12:00:17 IST" time="0.011" errors="0">
  <testcase name="demoLogin" time="0.011" classname="com.actitime.testscript.Demo"/>
  <system-out>
    <![CDATA[Demmooooooo]]>
  </system-out>
</testsuite> <!-- com.actitime.testscript.Demo -->
